<?xml version="1.0" encoding="UTF-8"?>
<!-- Generated by org.testng.reporters.JUnitReportReporter -->
<testsuite hostname="CSCO-W-PF2S4A3Q" failures="0" tests="2" name="com.cisco.AT_Capstone_testscripts.TestRunner" time="31.660" errors="0" timestamp="2021-12-24T13:36:17 IST" skipped="0">
  <testcase classname="com.cisco.AT_Capstone_testscripts.TestRunner" name="runScenario" time="24.447"/>
  <system-out/>
  <testcase classname="com.cisco.AT_Capstone_testscripts.TestRunner" name="runScenario" time="7.213"/>
  <system-out/>
</testsuite> <!-- com.cisco.AT_Capstone_testscripts.TestRunner -->
