<?xml version="1.0" encoding="UTF-8"?>
<!-- Generated by org.testng.reporters.JUnitReportReporter -->
<testsuite hostname="CSCO-W-PF2S4A3Q" failures="0" tests="1" name="restassured.completebookings" time="0.751" errors="0" timestamp="24 Dec 2021 06:29:26 GMT" skipped="0">
  <testcase classname="restassured.completebookings" name="complete_booking" time="0.751"/>
</testsuite> <!-- restassured.completebookings -->
