<?xml version="1.0" encoding="UTF-8"?>
<!-- Generated by org.testng.reporters.JUnitReportReporter -->
<testsuite hostname="CSCO-W-PF2S4A3Q" failures="0" tests="1" name="restassured.postuser" time="0.867" errors="0" timestamp="24 Dec 2021 06:24:33 GMT" skipped="0">
  <testcase classname="restassured.postuser" name="register_user" time="0.867"/>
</testsuite> <!-- restassured.postuser -->
