<?xml version="1.0" encoding="UTF-8"?>
<!-- Generated by org.testng.reporters.JUnitReportReporter -->
<testsuite hostname="CSCO-W-PF2S4A3Q" failures="0" tests="1" name="restassured.getflights" time="0.795" errors="0" timestamp="24 Dec 2021 06:26:22 GMT" skipped="0">
  <testcase classname="restassured.getflights" name="Getflights" time="0.795"/>
</testsuite> <!-- restassured.getflights -->
