<?xml version="1.0" encoding="UTF-8"?>
<!-- Generated by org.testng.reporters.JUnitReportReporter -->
<testsuite hostname="CSCO-W-PF2S4A3Q" failures="0" tests="1" name="restassured.bookflights" time="0.787" errors="0" timestamp="24 Dec 2021 06:27:57 GMT" skipped="0">
  <testcase classname="restassured.bookflights" name="Getflight_details" time="0.787"/>
</testsuite> <!-- restassured.bookflights -->
